<?xml version="1.0" encoding="UTF-8"?>
<!-- Generated by org.testng.reporters.JUnitReportReporter -->
<testsuite skipped="0" hostname="DESKTOP-SDB8KDN" name="academy.test.testcases.HomePageTest" tests="9" failures="1" timestamp="14 Nov 2017 17:18:57 GMT" time="131.050" errors="0">
  <testcase name="verifyHomePageTitleTest" time="12.460" classname="academy.test.testcases.HomePageTest"/>
  <testcase name="qaClickAcademyLogoTest" time="13.194" classname="academy.test.testcases.HomePageTest"/>
  <testcase name="clickOnCoursesLinkTest" time="17.884" classname="academy.test.testcases.HomePageTest"/>
  <testcase name="clickOnVideosLinkTest" time="14.621" classname="academy.test.testcases.HomePageTest"/>
  <testcase name="clickOnIntervewGuideLinkTest" time="13.916" classname="academy.test.testcases.HomePageTest"/>
  <testcase name="clickOnBlogLinkTest" time="18.297" classname="academy.test.testcases.HomePageTest"/>
  <testcase name="clickOnAboutLinkTest" time="14.268" classname="academy.test.testcases.HomePageTest"/>
  <testcase name="clickOnContactLinkTest" time="14.620" classname="academy.test.testcases.HomePageTest"/>
  <testcase name="verifyTextPresentTest" time="11.790" classname="academy.test.testcases.HomePageTest">
    <failure type="java.lang.AssertionError" message="The Actual Text didn&#039;t match with Expected Text expected [FEATURED COURSES12] but found [FEATURED COURSES]">
      <![CDATA[java.lang.AssertionError: The Actual Text didn't match with Expected Text expected [FEATURED COURSES12] but found [FEATURED COURSES]
	at org.testng.Assert.fail(Assert.java:93)
	at org.testng.Assert.failNotEquals(Assert.java:512)
	at org.testng.Assert.assertEqualsImpl(Assert.java:134)
	at org.testng.Assert.assertEquals(Assert.java:115)
	at org.testng.Assert.assertEquals(Assert.java:189)
	at academy.test.testcases.HomePageTest.verifyTextPresentTest(HomePageTest.java:106)
	at sun.reflect.NativeMethodAccessorImpl.invoke0(Native Method)
	at sun.reflect.NativeMethodAccessorImpl.invoke(Unknown Source)
	at sun.reflect.DelegatingMethodAccessorImpl.invoke(Unknown Source)
	at java.lang.reflect.Method.invoke(Unknown Source)
	at org.testng.internal.MethodInvocationHelper.invokeMethod(MethodInvocationHelper.java:108)
	at org.testng.internal.Invoker.invokeMethod(Invoker.java:661)
	at org.testng.internal.Invoker.invokeTestMethod(Invoker.java:869)
	at org.testng.internal.Invoker.invokeTestMethods(Invoker.java:1193)
	at org.testng.internal.TestMethodWorker.invokeTestMethods(TestMethodWorker.java:126)
	at org.testng.internal.TestMethodWorker.run(TestMethodWorker.java:109)
	at org.testng.TestRunner.privateRun(TestRunner.java:744)
	at org.testng.TestRunner.run(TestRunner.java:602)
	at org.testng.SuiteRunner.runTest(SuiteRunner.java:380)
	at org.testng.SuiteRunner.runSequentially(SuiteRunner.java:375)
	at org.testng.SuiteRunner.privateRun(SuiteRunner.java:340)
	at org.testng.SuiteRunner.run(SuiteRunner.java:289)
	at org.testng.SuiteRunnerWorker.runSuite(SuiteRunnerWorker.java:52)
	at org.testng.SuiteRunnerWorker.run(SuiteRunnerWorker.java:86)
	at org.testng.TestNG.runSuitesSequentially(TestNG.java:1301)
	at org.testng.TestNG.runSuitesLocally(TestNG.java:1226)
	at org.testng.TestNG.runSuites(TestNG.java:1144)
	at org.testng.TestNG.run(TestNG.java:1115)
	at org.testng.remote.AbstractRemoteTestNG.run(AbstractRemoteTestNG.java:114)
	at org.testng.remote.RemoteTestNG.initAndRun(RemoteTestNG.java:251)
	at org.testng.remote.RemoteTestNG.main(RemoteTestNG.java:77)
]]>
    </failure>
  </testcase> <!-- verifyTextPresentTest -->
</testsuite> <!-- academy.test.testcases.HomePageTest -->
